<?xml version="1.0" encoding="UTF-8"?>
<testng-results skipped="0" failed="0" ignored="0" total="1" passed="1">
  <reporter-output>
  </reporter-output>
  <suite name="Default suite" duration-ms="15585" started-at="2023-04-23T11:36:05Z" finished-at="2023-04-23T11:36:20Z">
    <groups>
    </groups>
    <test name="Default test" duration-ms="15585" started-at="2023-04-23T11:36:05Z" finished-at="2023-04-23T11:36:20Z">
      <class name="testng.train.TestNGbasicwork">
        <test-method status="PASS" signature="openBrowser()[pri:0, instance:testng.train.TestNGbasicwork@27c86f2d]" name="openBrowser" is-config="true" duration-ms="10433" started-at="2023-04-23T11:35:54Z" finished-at="2023-04-23T11:36:05Z">
          <reporter-output>
          </reporter-output>
        </test-method> <!-- openBrowser -->
        <test-method status="PASS" signature="getURL()[pri:0, instance:testng.train.TestNGbasicwork@27c86f2d]" name="getURL" is-config="true" duration-ms="2999" started-at="2023-04-23T11:36:05Z" finished-at="2023-04-23T11:36:08Z">
          <reporter-output>
          </reporter-output>
        </test-method> <!-- getURL -->
        <test-method status="PASS" signature="beforemethod()[pri:0, instance:testng.train.TestNGbasicwork@27c86f2d]" name="beforemethod" is-config="true" duration-ms="2" started-at="2023-04-23T11:36:08Z" finished-at="2023-04-23T11:36:08Z">
          <reporter-output>
          </reporter-output>
        </test-method> <!-- beforemethod -->
        <test-method status="PASS" signature="loginWithUserNameAndPassword()[pri:0, instance:testng.train.TestNGbasicwork@27c86f2d]" name="loginWithUserNameAndPassword" duration-ms="10608" started-at="2023-04-23T11:36:08Z" finished-at="2023-04-23T11:36:18Z">
          <reporter-output>
          </reporter-output>
        </test-method> <!-- loginWithUserNameAndPassword -->
        <test-method status="PASS" signature="afterclass()[pri:0, instance:testng.train.TestNGbasicwork@27c86f2d]" name="afterclass" is-config="true" duration-ms="0" started-at="2023-04-23T11:36:18Z" finished-at="2023-04-23T11:36:18Z">
          <reporter-output>
          </reporter-output>
        </test-method> <!-- afterclass -->
        <test-method status="PASS" signature="closeBrowser()[pri:0, instance:testng.train.TestNGbasicwork@27c86f2d]" name="closeBrowser" is-config="true" duration-ms="1868" started-at="2023-04-23T11:36:18Z" finished-at="2023-04-23T11:36:20Z">
          <reporter-output>
          </reporter-output>
        </test-method> <!-- closeBrowser -->
      </class> <!-- testng.train.TestNGbasicwork -->
    </test> <!-- Default test -->
  </suite> <!-- Default suite -->
</testng-results>
